#
# A fatal error has been detected by the Java Runtime Environment:
#
#  EXCEPTION_ACCESS_VIOLATION (0xc0000005) at pc=0x00007ffbddbec963, pid=6420, tid=6996
#
# JRE version: Java(TM) SE Runtime Environment 18.9 (11.0.9+7) (build 11.0.9+7-LTS)
# Java VM: Java HotSpot(TM) 64-Bit Server VM 18.9 (11.0.9+7-LTS, mixed mode, tiered, compressed oops, g1 gc, windows-amd64)
# Problematic frame:
# V  [jvm.dll+0x4dc963]
#
# No core dump will be written. Minidumps are not enabled by default on client versions of Windows
#
# If you would like to submit a bug report, please visit:
#   https://bugreport.java.com/bugreport/crash.jsp
#

---------------  S U M M A R Y ------------

Command Line: -agentlib:jdwp=transport=dt_socket,suspend=y,address=localhost:60832 -javaagent:D:\My Data\eclipse-java-2020-09-R-win32-x86_64\eclipse\configuration\org.eclipse.osgi\215\0\.cp\lib\javaagent-shaded.jar -Dfile.encoding=Cp1252 InheritanceActivity

Host: Intel(R) Core(TM) i7-4610M CPU @ 3.00GHz, 4 cores, 7G,  Windows 10 , 64 bit Build 19041 (10.0.19041.1151)
Time: Sun Aug 29 12:57:58 2021 India Standard Time elapsed time: 1892.637095 seconds (0d 0h 31m 32s)

---------------  T H R E A D  ---------------

Current thread (0x000001ab3cb19000):  VMThread "VM Thread" [stack: 0x000000016bf00000,0x000000016c000000] [id=6996]

Stack: [0x000000016bf00000,0x000000016c000000],  sp=0x000000016bfff1b0,  free space=1020k
Native frames: (J=compiled Java code, j=interpreted, Vv=VM code, C=native code)
V  [jvm.dll+0x4dc963]
V  [jvm.dll+0x4dc3dd]
V  [jvm.dll+0x750afc]
V  [jvm.dll+0x74ee87]
V  [jvm.dll+0x74f6b0]
V  [jvm.dll+0x74f9c7]
V  [jvm.dll+0x709114]
V  [jvm.dll+0x610cb6]
C  [ucrtbase.dll+0x21bb2]
C  [KERNEL32.dll+0x17034]
C  [ntdll.dll+0x52651]


siginfo: EXCEPTION_ACCESS_VIOLATION (0xc0000005), reading address 0xffffffffffffffff


Register to memory mapping:

RIP=0x00007ffbddbec963 jvm.dll
RAX=0x0000000000000001 is an unknown value
RBX=0x000001ab1e676190 points into unknown readable memory: 00 8c b1 3c ab 01 00 00
RCX=0x0000000000000001 is an unknown value
RDX=0x00ca01ab3e3a8348 is an unknown value
RSP=0x000000016bfff1b0 points into unknown readable memory: 10 f8 8f 6c 01 00 00 00
RBP=0x0000000000000008 is an unknown value
RSI=0x000000016c8ff810 is pointing into the stack for thread: 0x000001ab3d753000
RDI={method} {0x000001ab3e3a83c0} 
[error occurred during error reporting (printing register info), id 0xc0000005, EXCEPTION_ACCESS_VIOLATION (0xc0000005) at pc=0x00007ffbddcda20a]

Registers:
RAX=0x0000000000000001, RBX=0x000001ab1e676190, RCX=0x0000000000000001, RDX=0x00ca01ab3e3a8348
RSP=0x000000016bfff1b0, RBP=0x0000000000000008, RSI=0x000000016c8ff810, RDI=0x000001ab3e3a83b8
R8 =0x000001ab3e3a8298, R9 =0x000001ab3e3b3400, R10=0x000001ab3c9f8470, R11=0x000001ab3c9fa968
R12=0x00007ffbddf1a480, R13=0x00000001000d2e50, R14=0x000001ab3cad0fd8, R15=0x00000000000003d8
RIP=0x00007ffbddbec963, EFLAGS=0x0000000000010202

Top of Stack: (sp=0x000000016bfff1b0)
0x000000016bfff1b0:   000000016c8ff810 000001ab3d7da6a0
0x000000016bfff1c0:   00007ffbddf1a480 0000000000000000
0x000000016bfff1d0:   000001ab3c9f8470 000001ab3c9fa968
0x000000016bfff1e0:   000001ab1e676190 000001ab3d7da6a0
0x000000016bfff1f0:   0000000000000000 00000000000003d8
0x000000016bfff200:   000001ab3cad0fd8 00007ffbddf1a480
0x000000016bfff210:   000001ab3d7da6a0 000000016c8ff810
0x000000016bfff220:   000001ab3cad0c00 00007ffbde1718d0
0x000000016bfff230:   000000016c8ff880 00007ffbddbec3dd
0x000000016bfff240:   000000016c8ff880 000000016bfff260
0x000000016bfff250:   000001ab3d7da6a0 000001ab3cb19000
0x000000016bfff260:   00007ffbddcd5fc0 0000000100000000
0x000000016bfff270:   000001ab3cad0bf0 00007ffbdde60afc
0x000000016bfff280:   000001ab3d743800 000001ab3cafdf10
0x000000016bfff290:   000001ab3cad0fd8 000001ab3cafdf10
0x000000016bfff2a0:   0000000000000000 00007ffbddcf5490 

Instructions: (pc=0x00007ffbddbec963)
0x00007ffbddbec943:   00 4c 8d 40 01 4e 8d 04 c1 0f 1f 40 00 49 8b 38
0x00007ffbddbec953:   0f b6 4f 2a c0 e9 05 f6 c1 01 74 24 48 8b 57 08
0x00007ffbddbec963:   4c 8b 4a 08 0f b7 4a 2a 49 8b 74 c9 40 49 3b f2
0x00007ffbddbec973:   75 0e 0f b7 4a 2c 49 8b 54 c9 40 49 3b d3 74 0f 


Stack slot to memory mapping:
stack at sp + 0 slots: 0x000000016c8ff810 is pointing into the stack for thread: 0x000001ab3d753000
stack at sp + 1 slots: 0x000001ab3d7da6a0 points into unknown readable memory: a0 a6 7d 3d ab 01 00 00
stack at sp + 2 slots: 0x00007ffbddf1a480 jvm.dll
stack at sp + 3 slots: 0x0 is NULL
stack at sp + 4 slots: 0x000001ab3c9f8470 points into unknown readable memory: 04 00 ff ff a3 03 6d 61
stack at sp + 5 slots: 0x000001ab3c9fa968 points into unknown readable memory: 16 00 ff ff d3 aa 28 5b
stack at sp + 6 slots: 0x000001ab1e676190 points into unknown readable memory: 00 8c b1 3c ab 01 00 00
stack at sp + 7 slots: 0x000001ab3d7da6a0 points into unknown readable memory: a0 a6 7d 3d ab 01 00 00

VM_Operation (0x000000016c8ff810): ChangeBreakpoints, mode: safepoint, requested by thread 0x000001ab3d753000


---------------  P R O C E S S  ---------------

Threads class SMR info:
_java_thread_list=0x000001ab3d7402e0, length=13, elements={
0x000001ab1e663000, 0x000001ab3cb3c800, 0x000001ab3cb46000, 0x000001ab3cb55000,
0x000001ab3cb57800, 0x000001ab3cb59800, 0x000001ab3d4f5000, 0x000001ab3d510000,
0x000001ab3cad2800, 0x000001ab3d753000, 0x000001ab3d715000, 0x000001ab3d716000,
0x000001ab3d870800
}

Java Threads: ( => current thread )
  0x000001ab1e663000 JavaThread "main" [_thread_blocked, id=784, stack(0x000000016b900000,0x000000016ba00000)]
  0x000001ab3cb3c800 JavaThread "Reference Handler" daemon [_thread_blocked, id=9448, stack(0x000000016c000000,0x000000016c100000)]
  0x000001ab3cb46000 JavaThread "Finalizer" daemon [_thread_blocked, id=13264, stack(0x000000016c100000,0x000000016c200000)]
  0x000001ab3cb55000 JavaThread "Signal Dispatcher" daemon [_thread_blocked, id=19392, stack(0x000000016c200000,0x000000016c300000)]
  0x000001ab3cb57800 JavaThread "Attach Listener" daemon [_thread_blocked, id=12840, stack(0x000000016c300000,0x000000016c400000)]
  0x000001ab3cb59800 JavaThread "C2 CompilerThread0" daemon [_thread_blocked, id=5660, stack(0x000000016c400000,0x000000016c500000)]
  0x000001ab3d4f5000 JavaThread "C1 CompilerThread0" daemon [_thread_blocked, id=20212, stack(0x000000016c500000,0x000000016c600000)]
  0x000001ab3d510000 JavaThread "Sweeper thread" daemon [_thread_blocked, id=9428, stack(0x000000016c600000,0x000000016c700000)]
  0x000001ab3cad2800 JavaThread "Common-Cleaner" daemon [_thread_blocked, id=4340, stack(0x000000016c700000,0x000000016c800000)]
  0x000001ab3d753000 JavaThread "JDWP Transport Listener: dt_socket" daemon [_thread_blocked, id=10404, stack(0x000000016c800000,0x000000016c900000)]
  0x000001ab3d715000 JavaThread "JDWP Event Helper Thread" daemon [_thread_blocked, id=3136, stack(0x000000016c900000,0x000000016ca00000)]
  0x000001ab3d716000 JavaThread "JDWP Command Reader" daemon [_thread_in_native, id=3124, stack(0x000000016ca00000,0x000000016cb00000)]
  0x000001ab3d870800 JavaThread "Service Thread" daemon [_thread_blocked, id=11228, stack(0x000000016cb00000,0x000000016cc00000)]

Other Threads:
=>0x000001ab3cb19000 VMThread "VM Thread" [stack: 0x000000016bf00000,0x000000016c000000] [id=6996]
  0x000001ab3d872000 WatcherThread [stack: 0x000000016cc00000,0x000000016cd00000] [id=16840]
  0x000001ab1e679800 GCTaskThread "GC Thread#0" [stack: 0x000000016ba00000,0x000000016bb00000] [id=19000]
  0x000001ab1e6a9000 ConcurrentGCThread "G1 Main Marker" [stack: 0x000000016bb00000,0x000000016bc00000] [id=19268]
  0x000001ab1e6ac000 ConcurrentGCThread "G1 Conc#0" [stack: 0x000000016bc00000,0x000000016bd00000] [id=16284]
  0x000001ab3c980800 ConcurrentGCThread "G1 Refine#0" [stack: 0x000000016bd00000,0x000000016be00000] [id=10904]
  0x000001ab3c981800 ConcurrentGCThread "G1 Young RemSet Sampling" [stack: 0x000000016be00000,0x000000016bf00000] [id=19720]

Threads with active compile tasks:

VM state:at safepoint (normal execution)

VM Mutex/Monitor currently owned by a thread:  ([mutex/lock_event])
[0x000001ab1e660120] Threads_lock - owner thread: 0x000001ab3cb19000

Heap address: 0x0000000081600000, size: 2026 MB, Compressed Oops mode: 32-bit
Narrow klass base: 0x0000000000000000, Narrow klass shift: 3
Compressed class space size: 1073741824 Address: 0x0000000100000000

Heap:
 garbage-first heap   total 131072K, used 4096K [0x0000000081600000, 0x0000000100000000)
  region size 1024K, 5 young (5120K), 0 survivors (0K)
 Metaspace       used 8947K, capacity 9093K, committed 9344K, reserved 1058816K
  class space    used 789K, capacity 835K, committed 896K, reserved 1048576K
Heap Regions: E=young(eden), S=young(survivor), O=old, HS=humongous(starts), HC=humongous(continues), CS=collection set, F=free, A=archive, TAMS=top-at-mark-start (previous, next)
|   0|0x0000000081600000, 0x0000000081600000, 0x0000000081700000|  0%| F|  |TAMS 0x0000000081600000, 0x0000000081600000| Untracked 
|   1|0x0000000081700000, 0x0000000081700000, 0x0000000081800000|  0%| F|  |TAMS 0x0000000081700000, 0x0000000081700000| Untracked 
|   2|0x0000000081800000, 0x0000000081800000, 0x0000000081900000|  0%| F|  |TAMS 0x0000000081800000, 0x0000000081800000| Untracked 
|   3|0x0000000081900000, 0x0000000081900000, 0x0000000081a00000|  0%| F|  |TAMS 0x0000000081900000, 0x0000000081900000| Untracked 
|   4|0x0000000081a00000, 0x0000000081a00000, 0x0000000081b00000|  0%| F|  |TAMS 0x0000000081a00000, 0x0000000081a00000| Untracked 
|   5|0x0000000081b00000, 0x0000000081b00000, 0x0000000081c00000|  0%| F|  |TAMS 0x0000000081b00000, 0x0000000081b00000| Untracked 
|   6|0x0000000081c00000, 0x0000000081c00000, 0x0000000081d00000|  0%| F|  |TAMS 0x0000000081c00000, 0x0000000081c00000| Untracked 
|   7|0x0000000081d00000, 0x0000000081d00000, 0x0000000081e00000|  0%| F|  |TAMS 0x0000000081d00000, 0x0000000081d00000| Untracked 
|   8|0x0000000081e00000, 0x0000000081e00000, 0x0000000081f00000|  0%| F|  |TAMS 0x0000000081e00000, 0x0000000081e00000| Untracked 
|   9|0x0000000081f00000, 0x0000000081f00000, 0x0000000082000000|  0%| F|  |TAMS 0x0000000081f00000, 0x0000000081f00000| Untracked 
|  10|0x0000000082000000, 0x0000000082000000, 0x0000000082100000|  0%| F|  |TAMS 0x0000000082000000, 0x0000000082000000| Untracked 
|  11|0x0000000082100000, 0x0000000082100000, 0x0000000082200000|  0%| F|  |TAMS 0x0000000082100000, 0x0000000082100000| Untracked 
|  12|0x0000000082200000, 0x0000000082200000, 0x0000000082300000|  0%| F|  |TAMS 0x0000000082200000, 0x0000000082200000| Untracked 
|  13|0x0000000082300000, 0x0000000082300000, 0x0000000082400000|  0%| F|  |TAMS 0x0000000082300000, 0x0000000082300000| Untracked 
|  14|0x0000000082400000, 0x0000000082400000, 0x0000000082500000|  0%| F|  |TAMS 0x0000000082400000, 0x0000000082400000| Untracked 
|  15|0x0000000082500000, 0x0000000082500000, 0x0000000082600000|  0%| F|  |TAMS 0x0000000082500000, 0x0000000082500000| Untracked 
|  16|0x0000000082600000, 0x0000000082600000, 0x0000000082700000|  0%| F|  |TAMS 0x0000000082600000, 0x0000000082600000| Untracked 
|  17|0x0000000082700000, 0x0000000082700000, 0x0000000082800000|  0%| F|  |TAMS 0x0000000082700000, 0x0000000082700000| Untracked 
|  18|0x0000000082800000, 0x0000000082800000, 0x0000000082900000|  0%| F|  |TAMS 0x0000000082800000, 0x0000000082800000| Untracked 
|  19|0x0000000082900000, 0x0000000082900000, 0x0000000082a00000|  0%| F|  |TAMS 0x0000000082900000, 0x0000000082900000| Untracked 
|  20|0x0000000082a00000, 0x0000000082a00000, 0x0000000082b00000|  0%| F|  |TAMS 0x0000000082a00000, 0x0000000082a00000| Untracked 
|  21|0x0000000082b00000, 0x0000000082b00000, 0x0000000082c00000|  0%| F|  |TAMS 0x0000000082b00000, 0x0000000082b00000| Untracked 
|  22|0x0000000082c00000, 0x0000000082c00000, 0x0000000082d00000|  0%| F|  |TAMS 0x0000000082c00000, 0x0000000082c00000| Untracked 
|  23|0x0000000082d00000, 0x0000000082d00000, 0x0000000082e00000|  0%| F|  |TAMS 0x0000000082d00000, 0x0000000082d00000| Untracked 
|  24|0x0000000082e00000, 0x0000000082e00000, 0x0000000082f00000|  0%| F|  |TAMS 0x0000000082e00000, 0x0000000082e00000| Untracked 
|  25|0x0000000082f00000, 0x0000000082f00000, 0x0000000083000000|  0%| F|  |TAMS 0x0000000082f00000, 0x0000000082f00000| Untracked 
|  26|0x0000000083000000, 0x0000000083000000, 0x0000000083100000|  0%| F|  |TAMS 0x0000000083000000, 0x0000000083000000| Untracked 
|  27|0x0000000083100000, 0x0000000083100000, 0x0000000083200000|  0%| F|  |TAMS 0x0000000083100000, 0x0000000083100000| Untracked 
|  28|0x0000000083200000, 0x0000000083200000, 0x0000000083300000|  0%| F|  |TAMS 0x0000000083200000, 0x0000000083200000| Untracked 
|  29|0x0000000083300000, 0x0000000083300000, 0x0000000083400000|  0%| F|  |TAMS 0x0000000083300000, 0x0000000083300000| Untracked 
|  30|0x0000000083400000, 0x0000000083400000, 0x0000000083500000|  0%| F|  |TAMS 0x0000000083400000, 0x0000000083400000| Untracked 
|  31|0x0000000083500000, 0x0000000083500000, 0x0000000083600000|  0%| F|  |TAMS 0x0000000083500000, 0x0000000083500000| Untracked 
|  32|0x0000000083600000, 0x0000000083600000, 0x0000000083700000|  0%| F|  |TAMS 0x0000000083600000, 0x0000000083600000| Untracked 
|  33|0x0000000083700000, 0x0000000083700000, 0x0000000083800000|  0%| F|  |TAMS 0x0000000083700000, 0x0000000083700000| Untracked 
|  34|0x0000000083800000, 0x0000000083800000, 0x0000000083900000|  0%| F|  |TAMS 0x0000000083800000, 0x0000000083800000| Untracked 
|  35|0x0000000083900000, 0x0000000083900000, 0x0000000083a00000|  0%| F|  |TAMS 0x0000000083900000, 0x0000000083900000| Untracked 
|  36|0x0000000083a00000, 0x0000000083a00000, 0x0000000083b00000|  0%| F|  |TAMS 0x0000000083a00000, 0x0000000083a00000| Untracked 
|  37|0x0000000083b00000, 0x0000000083b00000, 0x0000000083c00000|  0%| F|  |TAMS 0x0000000083b00000, 0x0000000083b00000| Untracked 
|  38|0x0000000083c00000, 0x0000000083c00000, 0x0000000083d00000|  0%| F|  |TAMS 0x0000000083c00000, 0x0000000083c00000| Untracked 
|  39|0x0000000083d00000, 0x0000000083d00000, 0x0000000083e00000|  0%| F|  |TAMS 0x0000000083d00000, 0x0000000083d00000| Untracked 
|  40|0x0000000083e00000, 0x0000000083e00000, 0x0000000083f00000|  0%| F|  |TAMS 0x0000000083e00000, 0x0000000083e00000| Untracked 
|  41|0x0000000083f00000, 0x0000000083f00000, 0x0000000084000000|  0%| F|  |TAMS 0x0000000083f00000, 0x0000000083f00000| Untracked 
|  42|0x0000000084000000, 0x0000000084000000, 0x0000000084100000|  0%| F|  |TAMS 0x0000000084000000, 0x0000000084000000| Untracked 
|  43|0x0000000084100000, 0x0000000084100000, 0x0000000084200000|  0%| F|  |TAMS 0x0000000084100000, 0x0000000084100000| Untracked 
|  44|0x0000000084200000, 0x0000000084200000, 0x0000000084300000|  0%| F|  |TAMS 0x0000000084200000, 0x0000000084200000| Untracked 
|  45|0x0000000084300000, 0x0000000084300000, 0x0000000084400000|  0%| F|  |TAMS 0x0000000084300000, 0x0000000084300000| Untracked 
|  46|0x0000000084400000, 0x0000000084400000, 0x0000000084500000|  0%| F|  |TAMS 0x0000000084400000, 0x0000000084400000| Untracked 
|  47|0x0000000084500000, 0x0000000084500000, 0x0000000084600000|  0%| F|  |TAMS 0x0000000084500000, 0x0000000084500000| Untracked 
|  48|0x0000000084600000, 0x0000000084600000, 0x0000000084700000|  0%| F|  |TAMS 0x0000000084600000, 0x0000000084600000| Untracked 
|  49|0x0000000084700000, 0x0000000084700000, 0x0000000084800000|  0%| F|  |TAMS 0x0000000084700000, 0x0000000084700000| Untracked 
|  50|0x0000000084800000, 0x0000000084800000, 0x0000000084900000|  0%| F|  |TAMS 0x0000000084800000, 0x0000000084800000| Untracked 
|  51|0x0000000084900000, 0x0000000084900000, 0x0000000084a00000|  0%| F|  |TAMS 0x0000000084900000, 0x0000000084900000| Untracked 
|  52|0x0000000084a00000, 0x0000000084a00000, 0x0000000084b00000|  0%| F|  |TAMS 0x0000000084a00000, 0x0000000084a00000| Untracked 
|  53|0x0000000084b00000, 0x0000000084b00000, 0x0000000084c00000|  0%| F|  |TAMS 0x0000000084b00000, 0x0000000084b00000| Untracked 
|  54|0x0000000084c00000, 0x0000000084c00000, 0x0000000084d00000|  0%| F|  |TAMS 0x0000000084c00000, 0x0000000084c00000| Untracked 
|  55|0x0000000084d00000, 0x0000000084d00000, 0x0000000084e00000|  0%| F|  |TAMS 0x0000000084d00000, 0x0000000084d00000| Untracked 
|  56|0x0000000084e00000, 0x0000000084e00000, 0x0000000084f00000|  0%| F|  |TAMS 0x0000000084e00000, 0x0000000084e00000| Untracked 
|  57|0x0000000084f00000, 0x0000000084f00000, 0x0000000085000000|  0%| F|  |TAMS 0x0000000084f00000, 0x0000000084f00000| Untracked 
|  58|0x0000000085000000, 0x0000000085000000, 0x0000000085100000|  0%| F|  |TAMS 0x0000000085000000, 0x0000000085000000| Untracked 
|  59|0x0000000085100000, 0x0000000085100000, 0x0000000085200000|  0%| F|  |TAMS 0x0000000085100000, 0x0000000085100000| Untracked 
|  60|0x0000000085200000, 0x0000000085200000, 0x0000000085300000|  0%| F|  |TAMS 0x0000000085200000, 0x0000000085200000| Untracked 
|  61|0x0000000085300000, 0x0000000085300000, 0x0000000085400000|  0%| F|  |TAMS 0x0000000085300000, 0x0000000085300000| Untracked 
|  62|0x0000000085400000, 0x0000000085400000, 0x0000000085500000|  0%| F|  |TAMS 0x0000000085400000, 0x0000000085400000| Untracked 
|  63|0x0000000085500000, 0x0000000085500000, 0x0000000085600000|  0%| F|  |TAMS 0x0000000085500000, 0x0000000085500000| Untracked 
|  64|0x0000000085600000, 0x0000000085600000, 0x0000000085700000|  0%| F|  |TAMS 0x0000000085600000, 0x0000000085600000| Untracked 
|  65|0x0000000085700000, 0x0000000085700000, 0x0000000085800000|  0%| F|  |TAMS 0x0000000085700000, 0x0000000085700000| Untracked 
|  66|0x0000000085800000, 0x0000000085800000, 0x0000000085900000|  0%| F|  |TAMS 0x0000000085800000, 0x0000000085800000| Untracked 
|  67|0x0000000085900000, 0x0000000085900000, 0x0000000085a00000|  0%| F|  |TAMS 0x0000000085900000, 0x0000000085900000| Untracked 
|  68|0x0000000085a00000, 0x0000000085a00000, 0x0000000085b00000|  0%| F|  |TAMS 0x0000000085a00000, 0x0000000085a00000| Untracked 
|  69|0x0000000085b00000, 0x0000000085b00000, 0x0000000085c00000|  0%| F|  |TAMS 0x0000000085b00000, 0x0000000085b00000| Untracked 
|  70|0x0000000085c00000, 0x0000000085c00000, 0x0000000085d00000|  0%| F|  |TAMS 0x0000000085c00000, 0x0000000085c00000| Untracked 
|  71|0x0000000085d00000, 0x0000000085d00000, 0x0000000085e00000|  0%| F|  |TAMS 0x0000000085d00000, 0x0000000085d00000| Untracked 
|  72|0x0000000085e00000, 0x0000000085e00000, 0x0000000085f00000|  0%| F|  |TAMS 0x0000000085e00000, 0x0000000085e00000| Untracked 
|  73|0x0000000085f00000, 0x0000000085f00000, 0x0000000086000000|  0%| F|  |TAMS 0x0000000085f00000, 0x0000000085f00000| Untracked 
|  74|0x0000000086000000, 0x0000000086000000, 0x0000000086100000|  0%| F|  |TAMS 0x0000000086000000, 0x0000000086000000| Untracked 
|  75|0x0000000086100000, 0x0000000086100000, 0x0000000086200000|  0%| F|  |TAMS 0x0000000086100000, 0x0000000086100000| Untracked 
|  76|0x0000000086200000, 0x0000000086200000, 0x0000000086300000|  0%| F|  |TAMS 0x0000000086200000, 0x0000000086200000| Untracked 
|  77|0x0000000086300000, 0x0000000086300000, 0x0000000086400000|  0%| F|  |TAMS 0x0000000086300000, 0x0000000086300000| Untracked 
|  78|0x0000000086400000, 0x0000000086400000, 0x0000000086500000|  0%| F|  |TAMS 0x0000000086400000, 0x0000000086400000| Untracked 
|  79|0x0000000086500000, 0x0000000086500000, 0x0000000086600000|  0%| F|  |TAMS 0x0000000086500000, 0x0000000086500000| Untracked 
|  80|0x0000000086600000, 0x0000000086600000, 0x0000000086700000|  0%| F|  |TAMS 0x0000000086600000, 0x0000000086600000| Untracked 
|  81|0x0000000086700000, 0x0000000086700000, 0x0000000086800000|  0%| F|  |TAMS 0x0000000086700000, 0x0000000086700000| Untracked 
|  82|0x0000000086800000, 0x0000000086800000, 0x0000000086900000|  0%| F|  |TAMS 0x0000000086800000, 0x0000000086800000| Untracked 
|  83|0x0000000086900000, 0x0000000086900000, 0x0000000086a00000|  0%| F|  |TAMS 0x0000000086900000, 0x0000000086900000| Untracked 
|  84|0x0000000086a00000, 0x0000000086a00000, 0x0000000086b00000|  0%| F|  |TAMS 0x0000000086a00000, 0x0000000086a00000| Untracked 
|  85|0x0000000086b00000, 0x0000000086b00000, 0x0000000086c00000|  0%| F|  |TAMS 0x0000000086b00000, 0x0000000086b00000| Untracked 
|  86|0x0000000086c00000, 0x0000000086c00000, 0x0000000086d00000|  0%| F|  |TAMS 0x0000000086c00000, 0x0000000086c00000| Untracked 
|  87|0x0000000086d00000, 0x0000000086d00000, 0x0000000086e00000|  0%| F|  |TAMS 0x0000000086d00000, 0x0000000086d00000| Untracked 
|  88|0x0000000086e00000, 0x0000000086e00000, 0x0000000086f00000|  0%| F|  |TAMS 0x0000000086e00000, 0x0000000086e00000| Untracked 
|  89|0x0000000086f00000, 0x0000000086f00000, 0x0000000087000000|  0%| F|  |TAMS 0x0000000086f00000, 0x0000000086f00000| Untracked 
|  90|0x0000000087000000, 0x0000000087000000, 0x0000000087100000|  0%| F|  |TAMS 0x0000000087000000, 0x0000000087000000| Untracked 
|  91|0x0000000087100000, 0x0000000087100000, 0x0000000087200000|  0%| F|  |TAMS 0x0000000087100000, 0x0000000087100000| Untracked 
|  92|0x0000000087200000, 0x0000000087200000, 0x0000000087300000|  0%| F|  |TAMS 0x0000000087200000, 0x0000000087200000| Untracked 
|  93|0x0000000087300000, 0x0000000087300000, 0x0000000087400000|  0%| F|  |TAMS 0x0000000087300000, 0x0000000087300000| Untracked 
|  94|0x0000000087400000, 0x0000000087400000, 0x0000000087500000|  0%| F|  |TAMS 0x0000000087400000, 0x0000000087400000| Untracked 
|  95|0x0000000087500000, 0x0000000087500000, 0x0000000087600000|  0%| F|  |TAMS 0x0000000087500000, 0x0000000087500000| Untracked 
|  96|0x0000000087600000, 0x0000000087600000, 0x0000000087700000|  0%| F|  |TAMS 0x0000000087600000, 0x0000000087600000| Untracked 
|  97|0x0000000087700000, 0x0000000087700000, 0x0000000087800000|  0%| F|  |TAMS 0x0000000087700000, 0x0000000087700000| Untracked 
|  98|0x0000000087800000, 0x0000000087800000, 0x0000000087900000|  0%| F|  |TAMS 0x0000000087800000, 0x0000000087800000| Untracked 
|  99|0x0000000087900000, 0x0000000087900000, 0x0000000087a00000|  0%| F|  |TAMS 0x0000000087900000, 0x0000000087900000| Untracked 
| 100|0x0000000087a00000, 0x0000000087a00000, 0x0000000087b00000|  0%| F|  |TAMS 0x0000000087a00000, 0x0000000087a00000| Untracked 
| 101|0x0000000087b00000, 0x0000000087b00000, 0x0000000087c00000|  0%| F|  |TAMS 0x0000000087b00000, 0x0000000087b00000| Untracked 
| 102|0x0000000087c00000, 0x0000000087c00000, 0x0000000087d00000|  0%| F|  |TAMS 0x0000000087c00000, 0x0000000087c00000| Untracked 
| 103|0x0000000087d00000, 0x0000000087d00000, 0x0000000087e00000|  0%| F|  |TAMS 0x0000000087d00000, 0x0000000087d00000| Untracked 
| 104|0x0000000087e00000, 0x0000000087e00000, 0x0000000087f00000|  0%| F|  |TAMS 0x0000000087e00000, 0x0000000087e00000| Untracked 
| 105|0x0000000087f00000, 0x0000000087f00000, 0x0000000088000000|  0%| F|  |TAMS 0x0000000087f00000, 0x0000000087f00000| Untracked 
| 106|0x0000000088000000, 0x0000000088000000, 0x0000000088100000|  0%| F|  |TAMS 0x0000000088000000, 0x0000000088000000| Untracked 
| 107|0x0000000088100000, 0x0000000088100000, 0x0000000088200000|  0%| F|  |TAMS 0x0000000088100000, 0x0000000088100000| Untracked 
| 108|0x0000000088200000, 0x0000000088200000, 0x0000000088300000|  0%| F|  |TAMS 0x0000000088200000, 0x0000000088200000| Untracked 
| 109|0x0000000088300000, 0x0000000088300000, 0x0000000088400000|  0%| F|  |TAMS 0x0000000088300000, 0x0000000088300000| Untracked 
| 110|0x0000000088400000, 0x0000000088400000, 0x0000000088500000|  0%| F|  |TAMS 0x0000000088400000, 0x0000000088400000| Untracked 
| 111|0x0000000088500000, 0x0000000088500000, 0x0000000088600000|  0%| F|  |TAMS 0x0000000088500000, 0x0000000088500000| Untracked 
| 112|0x0000000088600000, 0x0000000088600000, 0x0000000088700000|  0%| F|  |TAMS 0x0000000088600000, 0x0000000088600000| Untracked 
| 113|0x0000000088700000, 0x0000000088700000, 0x0000000088800000|  0%| F|  |TAMS 0x0000000088700000, 0x0000000088700000| Untracked 
| 114|0x0000000088800000, 0x0000000088800000, 0x0000000088900000|  0%| F|  |TAMS 0x0000000088800000, 0x0000000088800000| Untracked 
| 115|0x0000000088900000, 0x0000000088900000, 0x0000000088a00000|  0%| F|  |TAMS 0x0000000088900000, 0x0000000088900000| Untracked 
| 116|0x0000000088a00000, 0x0000000088a00000, 0x0000000088b00000|  0%| F|  |TAMS 0x0000000088a00000, 0x0000000088a00000| Untracked 
| 117|0x0000000088b00000, 0x0000000088b00000, 0x0000000088c00000|  0%| F|  |TAMS 0x0000000088b00000, 0x0000000088b00000| Untracked 
| 118|0x0000000088c00000, 0x0000000088c00000, 0x0000000088d00000|  0%| F|  |TAMS 0x0000000088c00000, 0x0000000088c00000| Untracked 
| 119|0x0000000088d00000, 0x0000000088d00000, 0x0000000088e00000|  0%| F|  |TAMS 0x0000000088d00000, 0x0000000088d00000| Untracked 
| 120|0x0000000088e00000, 0x0000000088e00000, 0x0000000088f00000|  0%| F|  |TAMS 0x0000000088e00000, 0x0000000088e00000| Untracked 
| 121|0x0000000088f00000, 0x0000000088f00000, 0x0000000089000000|  0%| F|  |TAMS 0x0000000088f00000, 0x0000000088f00000| Untracked 
| 122|0x0000000089000000, 0x0000000089000000, 0x0000000089100000|  0%| F|  |TAMS 0x0000000089000000, 0x0000000089000000| Untracked 
| 123|0x0000000089100000, 0x00000000891f38a8, 0x0000000089200000| 95%| E|  |TAMS 0x0000000089100000, 0x0000000089100000| Complete 
| 124|0x0000000089200000, 0x0000000089300000, 0x0000000089300000|100%| E|CS|TAMS 0x0000000089200000, 0x0000000089200000| Complete 
| 125|0x0000000089300000, 0x0000000089400000, 0x0000000089400000|100%| E|CS|TAMS 0x0000000089300000, 0x0000000089300000| Complete 
| 126|0x0000000089400000, 0x0000000089500000, 0x0000000089500000|100%| E|CS|TAMS 0x0000000089400000, 0x0000000089400000| Complete 
| 127|0x0000000089500000, 0x0000000089600000, 0x0000000089600000|100%| E|CS|TAMS 0x0000000089500000, 0x0000000089500000| Complete 

Card table byte_map: [0x000001ab35ec0000,0x000001ab362c0000] _byte_map_base: 0x000001ab35ab5000

Marking Bits (Prev, Next): (CMBitMap*) 0x000001ab1e6a0868, (CMBitMap*) 0x000001ab1e6a08a0
 Prev Bits: [0x000001ab366c0000, 0x000001ab38668000)
 Next Bits: [0x000001ab38670000, 0x000001ab3a618000)

Polling page: 0x000001ab1c590000

Metaspace:

Usage:
  Non-class:      8.06 MB capacity,     7.97 MB ( 99%) used,    93.37 KB (  1%) free+waste,     6.69 KB ( <1%) overhead. 
      Class:    835.00 KB capacity,   789.82 KB ( 95%) used,    42.62 KB (  5%) free+waste,     2.56 KB ( <1%) overhead. 
       Both:      8.88 MB capacity,     8.74 MB ( 98%) used,   135.98 KB (  1%) free+waste,     9.25 KB ( <1%) overhead. 

Virtual space:
  Non-class space:       10.00 MB reserved,       8.25 MB ( 83%) committed 
      Class space:        1.00 GB reserved,     896.00 KB ( <1%) committed 
             Both:        1.01 GB reserved,       9.13 MB ( <1%) committed 

Chunk freelists:
   Non-Class:  7.75 KB
       Class:  3.63 KB
        Both:  11.38 KB

CodeHeap 'non-profiled nmethods': size=120064Kb used=119Kb max_used=119Kb free=119944Kb
 bounds [0x000001ab2e580000, 0x000001ab2e7f0000, 0x000001ab35ac0000]
CodeHeap 'profiled nmethods': size=120000Kb used=623Kb max_used=623Kb free=119376Kb
 bounds [0x000001ab27050000, 0x000001ab272c0000, 0x000001ab2e580000]
CodeHeap 'non-nmethods': size=5696Kb used=1152Kb max_used=1166Kb free=4543Kb
 bounds [0x000001ab26ac0000, 0x000001ab26d30000, 0x000001ab27050000]
 total_blobs=792 nmethods=434 adapters=278
 compilation: enabled
              stopped_count=0, restarted_count=0
 full_count=0

Compilation events (10 events):
Event: 1042.494 Thread 0x000001ab3d4f5000  430       3       org.eclipse.jdt.launching.internal.org.objectweb.asm.ClassReader::readUTF8 (23 bytes)
Event: 1042.494 Thread 0x000001ab3d4f5000 nmethod 430 0x000001ab270e9c90 code [0x000001ab270e9e60, 0x000001ab270ea170]
Event: 1288.238 Thread 0x000001ab3d4f5000  431       3       org.eclipse.jdt.launching.internal.org.objectweb.asm.ClassReader::readUtf (161 bytes)
Event: 1288.244 Thread 0x000001ab3d4f5000 nmethod 431 0x000001ab270ea310 code [0x000001ab270ea520, 0x000001ab270eab60]
Event: 1288.244 Thread 0x000001ab3d4f5000  432       3       org.eclipse.jdt.launching.internal.org.objectweb.asm.SymbolTable::add (39 bytes)
Event: 1288.245 Thread 0x000001ab3d4f5000 nmethod 432 0x000001ab270eaf10 code [0x000001ab270eb0c0, 0x000001ab270eb458]
Event: 1393.835 Thread 0x000001ab3d4f5000  433       3       org.eclipse.jdt.launching.internal.org.objectweb.asm.SymbolTable::addConstantUtf8 (20 bytes)
Event: 1393.841 Thread 0x000001ab3d4f5000 nmethod 433 0x000001ab270eb590 code [0x000001ab270eb780, 0x000001ab270ebb50]
Event: 1728.558 Thread 0x000001ab3cb59800  434       4       org.eclipse.jdt.launching.internal.org.objectweb.asm.ClassReader::readUnsignedShort (26 bytes)
Event: 1728.563 Thread 0x000001ab3cb59800 nmethod 434 0x000001ab2e59db90 code [0x000001ab2e59dd20, 0x000001ab2e59de38]

GC Heap History (0 events):
No events

Deoptimization events (3 events):
Event: 0.563 Thread 0x000001ab1e663000 Uncommon trap: reason=class_check action=maybe_recompile pc=0x000001ab2e58dbe0 method=java.util.HashMap.putVal(ILjava/lang/Object;Ljava/lang/Object;ZZ)Ljava/lang/Object; @ 152 c2
Event: 0.584 Thread 0x000001ab1e663000 Uncommon trap: reason=unstable_if action=reinterpret pc=0x000001ab2e58de24 method=java.util.HashMap.putVal(ILjava/lang/Object;Ljava/lang/Object;ZZ)Ljava/lang/Object; @ 181 c2
Event: 0.819 Thread 0x000001ab1e663000 Uncommon trap: reason=unstable_if action=reinterpret pc=0x000001ab2e58e778 method=java.lang.String.isLatin1()Z @ 10 c2

Classes redefined (10 events):
Event: 756.372 Thread 0x000001ab3cb19000 redefined class name=InheritanceActivity, count=5
Event: 835.749 Thread 0x000001ab3cb19000 redefined class name=InheritanceActivity, count=6
Event: 1029.216 Thread 0x000001ab3cb19000 redefined class name=InheritanceActivity, count=7
Event: 1042.493 Thread 0x000001ab3cb19000 redefined class name=InheritanceActivity, count=8
Event: 1288.242 Thread 0x000001ab3cb19000 redefined class name=InheritanceActivity, count=9
Event: 1393.839 Thread 0x000001ab3cb19000 redefined class name=InheritanceActivity, count=10
Event: 1606.084 Thread 0x000001ab3cb19000 redefined class name=InheritanceActivity, count=11
Event: 1728.562 Thread 0x000001ab3cb19000 redefined class name=InheritanceActivity, count=12
Event: 1758.829 Thread 0x000001ab3cb19000 redefined class name=InheritanceActivity, count=13
Event: 1797.151 Thread 0x000001ab3cb19000 redefined class name=InheritanceActivity, count=14

Internal exceptions (0 events):
No events

Events (10 events):
Event: 1797.161 Executing VM operation: GetStackTrace done
Event: 1797.220 Executing VM operation: GetFrameCount
Event: 1797.220 Executing VM operation: GetFrameCount done
Event: 1797.220 Executing VM operation: GetOwnedMonitorInfo
Event: 1797.220 Executing VM operation: GetOwnedMonitorInfo done
Event: 1797.220 Executing VM operation: GetCurrentContendedMonitor
Event: 1797.220 Executing VM operation: GetCurrentContendedMonitor done
Event: 1890.862 Executing VM operation: ChangeBreakpoints
Event: 1890.862 Executing VM operation: ChangeBreakpoints done
Event: 1892.464 Executing VM operation: ChangeBreakpoints


Dynamic libraries:
0x00007ff661da0000 - 0x00007ff661daf000 	D:\My Data\jdk-11.0.9_windows-x64_bin\jdk-11.0.9\bin\javaw.exe
0x00007ffc42cf0000 - 0x00007ffc42ee5000 	C:\WINDOWS\SYSTEM32\ntdll.dll
0x00007ffc42590000 - 0x00007ffc4264d000 	C:\WINDOWS\System32\KERNEL32.dll
0x00007ffc400a0000 - 0x00007ffc401b9000 	C:\Windows\system32\hmpalert.dll
0x00007ffc40530000 - 0x00007ffc407f9000 	C:\WINDOWS\System32\KERNELBASE.dll
0x00007ffc40b40000 - 0x00007ffc40c40000 	C:\WINDOWS\System32\ucrtbase.dll
0x00007ffc2b3d0000 - 0x00007ffc2b3e8000 	D:\My Data\jdk-11.0.9_windows-x64_bin\jdk-11.0.9\bin\jli.dll
0x00007ffc40d50000 - 0x00007ffc40dfc000 	C:\WINDOWS\System32\ADVAPI32.dll
0x00007ffc41a40000 - 0x00007ffc41ade000 	C:\WINDOWS\System32\msvcrt.dll
0x00007ffc427b0000 - 0x00007ffc4284b000 	C:\WINDOWS\System32\sechost.dll
0x00007ffc42680000 - 0x00007ffc427aa000 	C:\WINDOWS\System32\RPCRT4.dll
0x00007ffc325d0000 - 0x00007ffc325e5000 	D:\My Data\jdk-11.0.9_windows-x64_bin\jdk-11.0.9\bin\VCRUNTIME140.dll
0x00007ffc429d0000 - 0x00007ffc42b70000 	C:\WINDOWS\System32\USER32.dll
0x00007ffc40a80000 - 0x00007ffc40aa2000 	C:\WINDOWS\System32\win32u.dll
0x00007ffc42860000 - 0x00007ffc4288a000 	C:\WINDOWS\System32\GDI32.dll
0x00007ffc40c40000 - 0x00007ffc40d4b000 	C:\WINDOWS\System32\gdi32full.dll
0x00007ffc40800000 - 0x00007ffc4089d000 	C:\WINDOWS\System32\msvcp_win.dll
0x00007ffc3c9b0000 - 0x00007ffc3c9ba000 	C:\WINDOWS\SYSTEM32\VERSION.dll
0x00007ffc34730000 - 0x00007ffc349ca000 	C:\WINDOWS\WinSxS\amd64_microsoft.windows.common-controls_6595b64144ccf1df_6.0.19041.1110_none_60b5254171f9507e\COMCTL32.dll
0x00007ffc42650000 - 0x00007ffc42680000 	C:\WINDOWS\System32\IMM32.DLL
0x00007ffc2b330000 - 0x00007ffc2b3cb000 	D:\My Data\jdk-11.0.9_windows-x64_bin\jdk-11.0.9\bin\msvcp140.dll
0x00007ffbdd710000 - 0x00007ffbde207000 	D:\My Data\jdk-11.0.9_windows-x64_bin\jdk-11.0.9\bin\server\jvm.dll
0x00007ffc41900000 - 0x00007ffc41908000 	C:\WINDOWS\System32\PSAPI.DLL
0x00007ffc2e010000 - 0x00007ffc2e019000 	C:\WINDOWS\SYSTEM32\WSOCK32.dll
0x00007ffc424c0000 - 0x00007ffc4252b000 	C:\WINDOWS\System32\WS2_32.dll
0x00007ffc36290000 - 0x00007ffc362b7000 	C:\WINDOWS\SYSTEM32\WINMM.dll
0x00007ffc3e100000 - 0x00007ffc3e112000 	C:\WINDOWS\SYSTEM32\kernel.appcore.dll
0x00007ffc38270000 - 0x00007ffc38280000 	D:\My Data\jdk-11.0.9_windows-x64_bin\jdk-11.0.9\bin\verify.dll
0x00007ffc2d250000 - 0x00007ffc2d434000 	C:\WINDOWS\SYSTEM32\DBGHELP.DLL
0x00007ffc2d020000 - 0x00007ffc2d04c000 	C:\WINDOWS\SYSTEM32\dbgcore.DLL
0x00007ffc40ab0000 - 0x00007ffc40b33000 	C:\WINDOWS\System32\bcryptPrimitives.dll
0x00007ffc326b0000 - 0x00007ffc326d8000 	D:\My Data\jdk-11.0.9_windows-x64_bin\jdk-11.0.9\bin\java.dll
0x00007ffc37ad0000 - 0x00007ffc37ada000 	D:\My Data\jdk-11.0.9_windows-x64_bin\jdk-11.0.9\bin\jimage.dll
0x00007ffc2ac50000 - 0x00007ffc2ac88000 	D:\My Data\jdk-11.0.9_windows-x64_bin\jdk-11.0.9\bin\jdwp.dll
0x00007ffc3d370000 - 0x00007ffc3d37e000 	D:\My Data\jdk-11.0.9_windows-x64_bin\jdk-11.0.9\bin\instrument.dll
0x00007ffc32670000 - 0x00007ffc32686000 	D:\My Data\jdk-11.0.9_windows-x64_bin\jdk-11.0.9\bin\zip.dll
0x00007ffc41d60000 - 0x00007ffc4249f000 	C:\WINDOWS\System32\SHELL32.dll
0x00007ffc3e410000 - 0x00007ffc3eba0000 	C:\WINDOWS\SYSTEM32\windows.storage.dll
0x00007ffc412e0000 - 0x00007ffc41635000 	C:\WINDOWS\System32\combase.dll
0x00007ffc3fd60000 - 0x00007ffc3fd8c000 	C:\WINDOWS\SYSTEM32\Wldp.dll
0x00007ffc42890000 - 0x00007ffc4293e000 	C:\WINDOWS\System32\SHCORE.dll
0x00007ffc418a0000 - 0x00007ffc418f5000 	C:\WINDOWS\System32\shlwapi.dll
0x00007ffc40360000 - 0x00007ffc4037f000 	C:\WINDOWS\SYSTEM32\profapi.dll
0x00007ffc3d2c0000 - 0x00007ffc3d2ca000 	D:\My Data\jdk-11.0.9_windows-x64_bin\jdk-11.0.9\bin\dt_socket.dll
0x00007ffc3fac0000 - 0x00007ffc3fb2a000 	C:\WINDOWS\System32\mswsock.dll
0x00007ffc3f790000 - 0x00007ffc3f85c000 	C:\WINDOWS\SYSTEM32\DNSAPI.dll
0x00007ffc3f740000 - 0x00007ffc3f77b000 	C:\WINDOWS\SYSTEM32\IPHLPAPI.DLL
0x00007ffc41b60000 - 0x00007ffc41b68000 	C:\WINDOWS\System32\NSI.dll
0x00007ffc3aa20000 - 0x00007ffc3aa9f000 	C:\WINDOWS\System32\fwpuclnt.dll
0x00007ffc40a50000 - 0x00007ffc40a77000 	C:\WINDOWS\System32\bcrypt.dll
0x00007ffc36270000 - 0x00007ffc3627a000 	C:\Windows\System32\rasadhlp.dll
0x00007ffc324a0000 - 0x00007ffc324b9000 	D:\My Data\jdk-11.0.9_windows-x64_bin\jdk-11.0.9\bin\net.dll
0x00007ffc384f0000 - 0x00007ffc385f8000 	C:\WINDOWS\SYSTEM32\WINHTTP.dll
0x00007ffc32450000 - 0x00007ffc32462000 	D:\My Data\jdk-11.0.9_windows-x64_bin\jdk-11.0.9\bin\nio.dll

dbghelp: loaded successfully - version: 4.0.5 - missing functions: none
symbol engine: initialized successfully - sym options: 0x614 - pdb path: .;D:\My Data\jdk-11.0.9_windows-x64_bin\jdk-11.0.9\bin;C:\WINDOWS\SYSTEM32;C:\WINDOWS\WinSxS\amd64_microsoft.windows.common-controls_6595b64144ccf1df_6.0.19041.1110_none_60b5254171f9507e;D:\My Data\jdk-11.0.9_windows-x64_bin\jdk-11.0.9\bin\server

VM Arguments:
jvm_args: -agentlib:jdwp=transport=dt_socket,suspend=y,address=localhost:60832 -javaagent:D:\My Data\eclipse-java-2020-09-R-win32-x86_64\eclipse\configuration\org.eclipse.osgi\215\0\.cp\lib\javaagent-shaded.jar -Dfile.encoding=Cp1252 
java_command: InheritanceActivity
java_class_path (initial): C:\Users\JSivaraj\eclipse-workspace\Activity1.Inheritance.By.Janani\bin
Launcher Type: SUN_STANDARD

[Global flags]
     intx CICompilerCount                          = 3                                         {product} {ergonomic}
     uint ConcGCThreads                            = 1                                         {product} {ergonomic}
     uint G1ConcRefinementThreads                  = 4                                         {product} {ergonomic}
   size_t G1HeapRegionSize                         = 1048576                                   {product} {ergonomic}
    uintx GCDrainStackTargetSize                   = 64                                        {product} {ergonomic}
   size_t InitialHeapSize                          = 134217728                                 {product} {ergonomic}
   size_t MarkStackSize                            = 4194304                                   {product} {ergonomic}
   size_t MaxHeapSize                              = 2124414976                                {product} {ergonomic}
   size_t MaxNewSize                               = 1274019840                                {product} {ergonomic}
   size_t MinHeapDeltaBytes                        = 1048576                                   {product} {ergonomic}
    uintx NonNMethodCodeHeapSize                   = 5830732                                {pd product} {ergonomic}
    uintx NonProfiledCodeHeapSize                  = 122913754                              {pd product} {ergonomic}
    uintx ProfiledCodeHeapSize                     = 122913754                              {pd product} {ergonomic}
    uintx ReservedCodeCacheSize                    = 251658240                              {pd product} {ergonomic}
     bool SegmentedCodeCache                       = true                                      {product} {ergonomic}
     bool UseCompressedClassPointers               = true                                 {lp64_product} {ergonomic}
     bool UseCompressedOops                        = true                                 {lp64_product} {ergonomic}
     bool UseG1GC                                  = true                                      {product} {ergonomic}
     bool UseLargePagesIndividualAllocation        = false                                  {pd product} {ergonomic}

Logging:
Log output configuration:
 #0: stdout all=warning uptime,level,tags
 #1: stderr all=off uptime,level,tags

Environment Variables:
JAVA_HOME=D:\My Data\jdk-11.0.9_windows-x64_bin\jdk-11.0.9
PATH=D:/My Data/jdk-11.0.9_windows-x64_bin/jdk-11.0.9/bin/server;D:/My Data/jdk-11.0.9_windows-x64_bin/jdk-11.0.9/bin;C:\Program Files (x86)\Intel\iCLS Client\;C:\Program Files\Intel\iCLS Client\;C:\WINDOWS\system32;C:\WINDOWS;C:\WINDOWS\System32\Wbem;C:\WINDOWS\System32\WindowsPowerShell\v1.0\;C:\WINDOWS\System32\OpenSSH\;C:\Program Files (x86)\AMD\ATI.ACE\Core-Static;C:\Program Files (x86)\Intel\Intel(R) Management Engine Components\DAL;C:\Program Files\Intel\Intel(R) Management Engine Components\DAL;C:\Program Files (x86)\Intel\Intel(R) Management Engine Components\IPT;C:\Program Files\Intel\Intel(R) Management Engine Components\IPT;C:\Program Files\Java\jdk-13.0.2\bin;D:\My Data\jdk-11.0.9_windows-x64_bin\jdk-11.0.9\bin;D:\My Data\jdk-11.0.9_windows-x64_bin\jdk-11.0.9\bin;;C:\Users\JSivaraj\AppData\Local\Programs\Microsoft VS Code\bin;C:\Users\JSivaraj\AppData\Local\Microsoft\WindowsApps;D:\My Data\eclipse-java-2020-09-R-win32-x86_64\eclipse;
USERNAME=JSivaraj
OS=Windows_NT
PROCESSOR_IDENTIFIER=Intel64 Family 6 Model 60 Stepping 3, GenuineIntel



---------------  S Y S T E M  ---------------

OS: Windows 10 , 64 bit Build 19041 (10.0.19041.1151)

CPU:total 4 (initial active 4) (2 cores per cpu, 2 threads per core) family 6 model 60 stepping 3, cmov, cx8, fxsr, mmx, sse, sse2, sse3, ssse3, sse4.1, sse4.2, popcnt, avx, avx2, aes, clmul, erms, lzcnt, ht, tsc, tscinvbit, bmi1, bmi2, fma

Memory: 4k page, system-wide physical 8097M (1936M free)
TotalPageFile size 15680M (AvailPageFile size 5655M)
current process WorkingSet (physical memory assigned to process): 34M, peak: 45M
current process commit charge ("private bytes"): 201M, peak: 203M

vm_info: Java HotSpot(TM) 64-Bit Server VM (11.0.9+7-LTS) for windows-amd64 JRE (11.0.9+7-LTS), built on Sep 15 2020 16:47:03 by "mach5one" with MS VC++ 15.9 (VS2017)

END.
